<?xml version="1.0" encoding="UTF-8"?>
<testng-results skipped="0" failed="1" ignored="0" total="4" passed="3">
  <reporter-output>
  </reporter-output>
  <suite name="Default suite" duration-ms="44303" started-at="2019-08-21T15:00:49Z" finished-at="2019-08-21T15:01:33Z">
    <groups>
    </groups>
    <test name="Default test" duration-ms="44303" started-at="2019-08-21T15:00:49Z" finished-at="2019-08-21T15:01:33Z">
      <class name="com.ahorcadoGame.AhorcadoNGTest">
        <test-method status="PASS" signature="beforeMethod()[pri:0, instance:com.ahorcadoGame.AhorcadoNGTest@475530b9]" name="beforeMethod" is-config="true" duration-ms="5767" started-at="2019-08-21T15:00:49Z" finished-at="2019-08-21T15:00:55Z">
          <reporter-output>
          </reporter-output>
        </test-method> <!-- beforeMethod -->
        <test-method status="FAIL" signature="ganar_juego_palabra_perro()[pri:0, instance:com.ahorcadoGame.AhorcadoNGTest@475530b9]" name="ganar_juego_palabra_perro" duration-ms="7727" started-at="2019-08-21T15:00:55Z" finished-at="2019-08-21T15:01:02Z">
          <exception class="java.lang.AssertionError">
            <message>
              <![CDATA[expected [true] but found [false]]]>
            </message>
            <full-stacktrace>
              <![CDATA[java.lang.AssertionError: expected [true] but found [false]
at org.testng.Assert.fail(Assert.java:96)
at org.testng.Assert.failNotEquals(Assert.java:776)
at org.testng.Assert.assertTrue(Assert.java:44)
at org.testng.Assert.assertTrue(Assert.java:54)
at com.ahorcadoGame.AhorcadoNGTest.ganar_juego_palabra_perro(AhorcadoNGTest.java:57)
at sun.reflect.NativeMethodAccessorImpl.invoke0(Native Method)
at sun.reflect.NativeMethodAccessorImpl.invoke(Unknown Source)
at sun.reflect.DelegatingMethodAccessorImpl.invoke(Unknown Source)
at java.lang.reflect.Method.invoke(Unknown Source)
at org.testng.internal.MethodInvocationHelper.invokeMethod(MethodInvocationHelper.java:124)
at org.testng.internal.Invoker.invokeMethod(Invoker.java:583)
at org.testng.internal.Invoker.invokeTestMethod(Invoker.java:719)
at org.testng.internal.Invoker.invokeTestMethods(Invoker.java:989)
at org.testng.internal.TestMethodWorker.invokeTestMethods(TestMethodWorker.java:125)
at org.testng.internal.TestMethodWorker.run(TestMethodWorker.java:109)
at org.testng.TestRunner.privateRun(TestRunner.java:648)
at org.testng.TestRunner.run(TestRunner.java:505)
at org.testng.SuiteRunner.runTest(SuiteRunner.java:455)
at org.testng.SuiteRunner.runSequentially(SuiteRunner.java:450)
at org.testng.SuiteRunner.privateRun(SuiteRunner.java:415)
at org.testng.SuiteRunner.run(SuiteRunner.java:364)
at org.testng.SuiteRunnerWorker.runSuite(SuiteRunnerWorker.java:52)
at org.testng.SuiteRunnerWorker.run(SuiteRunnerWorker.java:84)
at org.testng.TestNG.runSuitesSequentially(TestNG.java:1208)
at org.testng.TestNG.runSuitesLocally(TestNG.java:1137)
at org.testng.TestNG.runSuites(TestNG.java:1049)
at org.testng.TestNG.run(TestNG.java:1017)
at org.testng.remote.AbstractRemoteTestNG.run(AbstractRemoteTestNG.java:114)
at org.testng.remote.RemoteTestNG.initAndRun(RemoteTestNG.java:251)
at org.testng.remote.RemoteTestNG.main(RemoteTestNG.java:77)
]]>
            </full-stacktrace>
          </exception> <!-- java.lang.AssertionError -->
          <reporter-output>
          </reporter-output>
        </test-method> <!-- ganar_juego_palabra_perro -->
        <test-method status="PASS" signature="afterMethod()[pri:0, instance:com.ahorcadoGame.AhorcadoNGTest@475530b9]" name="afterMethod" is-config="true" duration-ms="721" started-at="2019-08-21T15:01:02Z" finished-at="2019-08-21T15:01:03Z">
          <reporter-output>
          </reporter-output>
        </test-method> <!-- afterMethod -->
        <test-method status="PASS" signature="beforeMethod()[pri:0, instance:com.ahorcadoGame.AhorcadoNGTest@475530b9]" name="beforeMethod" is-config="true" duration-ms="4569" started-at="2019-08-21T15:01:03Z" finished-at="2019-08-21T15:01:08Z">
          <reporter-output>
          </reporter-output>
        </test-method> <!-- beforeMethod -->
        <test-method status="PASS" signature="ingreso_nombre_jugador_Nicolas()[pri:0, instance:com.ahorcadoGame.AhorcadoNGTest@475530b9]" name="ingreso_nombre_jugador_Nicolas" duration-ms="2527" started-at="2019-08-21T15:01:08Z" finished-at="2019-08-21T15:01:10Z">
          <reporter-output>
          </reporter-output>
        </test-method> <!-- ingreso_nombre_jugador_Nicolas -->
        <test-method status="PASS" signature="afterMethod()[pri:0, instance:com.ahorcadoGame.AhorcadoNGTest@475530b9]" name="afterMethod" is-config="true" duration-ms="712" started-at="2019-08-21T15:01:10Z" finished-at="2019-08-21T15:01:11Z">
          <reporter-output>
          </reporter-output>
        </test-method> <!-- afterMethod -->
        <test-method status="PASS" signature="beforeMethod()[pri:0, instance:com.ahorcadoGame.AhorcadoNGTest@475530b9]" name="beforeMethod" is-config="true" duration-ms="4386" started-at="2019-08-21T15:01:11Z" finished-at="2019-08-21T15:01:15Z">
          <reporter-output>
          </reporter-output>
        </test-method> <!-- beforeMethod -->
        <test-method status="PASS" signature="ingreso_nombre_jugador_vacio()[pri:0, instance:com.ahorcadoGame.AhorcadoNGTest@475530b9]" name="ingreso_nombre_jugador_vacio" duration-ms="2485" started-at="2019-08-21T15:01:15Z" finished-at="2019-08-21T15:01:18Z">
          <reporter-output>
          </reporter-output>
        </test-method> <!-- ingreso_nombre_jugador_vacio -->
        <test-method status="PASS" signature="afterMethod()[pri:0, instance:com.ahorcadoGame.AhorcadoNGTest@475530b9]" name="afterMethod" is-config="true" duration-ms="718" started-at="2019-08-21T15:01:18Z" finished-at="2019-08-21T15:01:19Z">
          <reporter-output>
          </reporter-output>
        </test-method> <!-- afterMethod -->
        <test-method status="PASS" signature="beforeMethod()[pri:0, instance:com.ahorcadoGame.AhorcadoNGTest@475530b9]" name="beforeMethod" is-config="true" duration-ms="4633" started-at="2019-08-21T15:01:19Z" finished-at="2019-08-21T15:01:23Z">
          <reporter-output>
          </reporter-output>
        </test-method> <!-- beforeMethod -->
        <test-method status="PASS" signature="perder_juego()[pri:0, instance:com.ahorcadoGame.AhorcadoNGTest@475530b9]" name="perder_juego" duration-ms="9284" started-at="2019-08-21T15:01:23Z" finished-at="2019-08-21T15:01:33Z">
          <reporter-output>
          </reporter-output>
        </test-method> <!-- perder_juego -->
        <test-method status="PASS" signature="afterMethod()[pri:0, instance:com.ahorcadoGame.AhorcadoNGTest@475530b9]" name="afterMethod" is-config="true" duration-ms="727" started-at="2019-08-21T15:01:33Z" finished-at="2019-08-21T15:01:33Z">
          <reporter-output>
          </reporter-output>
        </test-method> <!-- afterMethod -->
      </class> <!-- com.ahorcadoGame.AhorcadoNGTest -->
    </test> <!-- Default test -->
  </suite> <!-- Default suite -->
</testng-results>
